Using pre-set license
Built from '2021.3/staging' branch; Version is '2021.3.8f1 (b30333d56e81) revision 11731763'; Using compiler version '192829333'; Build Type 'Release'
OS: 'Windows 10  (10.0.19044) 64bit Core' Language: 'en' Physical Memory: 32605 MB
BatchMode: 1, IsHumanControllingUs: 0, StartBugReporterOnCrash: 0, Is64bit: 1, IsPro: 1

COMMAND LINE ARGUMENTS:
D:\2021.3.8f1\Editor\Unity.exe
-adb2
-batchMode
-noUpm
-name
AssetImportWorker0
-projectPath
D:/Repositories/ProcGen/Maze Generation
-logFile
Logs/AssetImportWorker0.log
-srvPort
56572
Successfully changed project path to: D:/Repositories/ProcGen/Maze Generation
D:/Repositories/ProcGen/Maze Generation
[UnityMemory] Configuration Parameters - Can be set up in boot.config
    "memorysetup-bucket-allocator-granularity=16"
    "memorysetup-bucket-allocator-bucket-count=8"
    "memorysetup-bucket-allocator-block-size=33554432"
    "memorysetup-bucket-allocator-block-count=8"
    "memorysetup-main-allocator-block-size=16777216"
    "memorysetup-thread-allocator-block-size=16777216"
    "memorysetup-gfx-main-allocator-block-size=16777216"
    "memorysetup-gfx-thread-allocator-block-size=16777216"
    "memorysetup-cache-allocator-block-size=4194304"
    "memorysetup-typetree-allocator-block-size=2097152"
    "memorysetup-profiler-bucket-allocator-granularity=16"
    "memorysetup-profiler-bucket-allocator-bucket-count=8"
    "memorysetup-profiler-bucket-allocator-block-size=33554432"
    "memorysetup-profiler-bucket-allocator-block-count=8"
    "memorysetup-profiler-allocator-block-size=16777216"
    "memorysetup-profiler-editor-allocator-block-size=1048576"
    "memorysetup-temp-allocator-size-main=16777216"
    "memorysetup-job-temp-allocator-block-size=2097152"
    "memorysetup-job-temp-allocator-block-size-background=1048576"
    "memorysetup-job-temp-allocator-reduction-small-platforms=262144"
    "memorysetup-temp-allocator-size-background-worker=32768"
    "memorysetup-temp-allocator-size-job-worker=262144"
    "memorysetup-temp-allocator-size-preload-manager=33554432"
    "memorysetup-temp-allocator-size-nav-mesh-worker=65536"
    "memorysetup-temp-allocator-size-audio-worker=65536"
    "memorysetup-temp-allocator-size-cloud-worker=32768"
    "memorysetup-temp-allocator-size-gi-baking-worker=262144"
    "memorysetup-temp-allocator-size-gfx=262144"
Refreshing native plugins compatible for Editor in 54.88 ms, found 3 plugins.
Preloading 0 native plugins for Editor in 0.00 ms.
Initialize engine version: 2021.3.8f1 (b30333d56e81)
[Subsystems] Discovering subsystems at path D:/2021.3.8f1/Editor/Data/Resources/UnitySubsystems
[Subsystems] Discovering subsystems at path D:/Repositories/ProcGen/Maze Generation/Assets
GfxDevice: creating device client; threaded=0; jobified=0
Direct3D:
    Version:  Direct3D 11.0 [level 11.1]
    Renderer: NVIDIA GeForce RTX 3050 (ID=0x2507)
    Vendor:   NVIDIA
    VRAM:     8056 MB
    Driver:   31.0.15.3141
Initialize mono
Mono path[0] = 'D:/2021.3.8f1/Editor/Data/Managed'
Mono path[1] = 'D:/2021.3.8f1/Editor/Data/MonoBleedingEdge/lib/mono/unityjit-win32'
Mono config path = 'D:/2021.3.8f1/Editor/Data/MonoBleedingEdge/etc'
Using monoOptions --debugger-agent=transport=dt_socket,embedding=1,server=y,suspend=n,address=127.0.0.1:56404
Begin MonoManager ReloadAssembly
Registering precompiled unity dll's ...
Register platform support module: D:/2021.3.8f1/Editor/Data/PlaybackEngines/WebGLSupport/UnityEditor.WebGL.Extensions.dll
Register platform support module: D:/2021.3.8f1/Editor/Data/PlaybackEngines/WindowsStandaloneSupport/UnityEditor.WindowsStandalone.Extensions.dll
Registered in 0.001490 seconds.
Native extension for WindowsStandalone target not found
Native extension for WebGL target not found
Refreshing native plugins compatible for Editor in 55.39 ms, found 3 plugins.
Preloading 0 native plugins for Editor in 0.00 ms.
Mono: successfully reloaded assembly
- Completed reload, in  0.433 seconds
Domain Reload Profiling:
	ReloadAssembly (434ms)
		BeginReloadAssembly (48ms)
			ExecutionOrderSort (0ms)
			DisableScriptedObjects (0ms)
			BackupInstance (0ms)
			ReleaseScriptingObjects (0ms)
			CreateAndSetChildDomain (1ms)
		EndReloadAssembly (316ms)
			LoadAssemblies (48ms)
			RebuildTransferFunctionScriptingTraits (0ms)
			SetupTypeCache (69ms)
			ReleaseScriptCaches (0ms)
			RebuildScriptCaches (22ms)
			SetupLoadedEditorAssemblies (194ms)
				LogAssemblyErrors (0ms)
				InitializePlatformSupportModulesInManaged (5ms)
				SetLoadedEditorAssemblies (0ms)
				RefreshPlugins (55ms)
				BeforeProcessingInitializeOnLoad (1ms)
				ProcessInitializeOnLoadAttributes (98ms)
				ProcessInitializeOnLoadMethodAttributes (34ms)
				AfterProcessingInitializeOnLoad (0ms)
				EditorAssembliesLoaded (0ms)
			ExecutionOrderSort2 (0ms)
			AwakeInstancesAfterBackupRestoration (0ms)
Platform modules already initialized, skipping
Registering precompiled user dll's ...
Registered in 0.002447 seconds.
Begin MonoManager ReloadAssembly
Symbol file LoadedFromMemory doesn't match image D:\Repositories\ProcGen\Maze Generation\Library\PackageCache\com.unity.visualscripting@1.7.8\Editor\VisualScripting.Core\Dependencies\YamlDotNet\Unity.VisualScripting.YamlDotNet.dll
Symbol file LoadedFromMemory doesn't match image D:\Repositories\ProcGen\Maze Generation\Library\PackageCache\com.unity.visualscripting@1.7.8\Editor\VisualScripting.Core\Dependencies\DotNetZip\Unity.VisualScripting.IonicZip.dll
Native extension for WindowsStandalone target not found
Native extension for WebGL target not found
Refreshing native plugins compatible for Editor in 0.40 ms, found 3 plugins.
Preloading 0 native plugins for Editor in 0.00 ms.
Mono: successfully reloaded assembly
- Completed reload, in  0.703 seconds
Domain Reload Profiling:
	ReloadAssembly (704ms)
		BeginReloadAssembly (72ms)
			ExecutionOrderSort (0ms)
			DisableScriptedObjects (4ms)
			BackupInstance (0ms)
			ReleaseScriptingObjects (0ms)
			CreateAndSetChildDomain (14ms)
		EndReloadAssembly (555ms)
			LoadAssemblies (51ms)
			RebuildTransferFunctionScriptingTraits (0ms)
			SetupTypeCache (180ms)
			ReleaseScriptCaches (0ms)
			RebuildScriptCaches (35ms)
			SetupLoadedEditorAssemblies (258ms)
				LogAssemblyErrors (0ms)
				InitializePlatformSupportModulesInManaged (4ms)
				SetLoadedEditorAssemblies (0ms)
				RefreshPlugins (0ms)
				BeforeProcessingInitializeOnLoad (63ms)
				ProcessInitializeOnLoadAttributes (168ms)
				ProcessInitializeOnLoadMethodAttributes (21ms)
				AfterProcessingInitializeOnLoad (2ms)
				EditorAssembliesLoaded (0ms)
			ExecutionOrderSort2 (0ms)
			AwakeInstancesAfterBackupRestoration (5ms)
Platform modules already initialized, skipping
========================================================================
Worker process is ready to serve import requests
Launched and connected shader compiler UnityShaderCompiler.exe after 0.04 seconds
Refreshing native plugins compatible for Editor in 0.42 ms, found 3 plugins.
Preloading 0 native plugins for Editor in 0.00 ms.
Unloading 3381 Unused Serialized files (Serialized files now loaded: 0)
Unloading 27 unused Assets / (110.9 KB). Loaded Objects now: 3838.
Memory consumption went from 116.2 MB to 116.1 MB.
Total: 2.437300 ms (FindLiveObjects: 0.214600 ms CreateObjectMapping: 0.117300 ms MarkObjects: 2.022600 ms  DeleteObjects: 0.082200 ms)

AssetImportParameters requested are different than current active one (requested -> active):
  custom:video-decoder-ogg-theora: a1e56fd34408186e4bbccfd4996cb3dc -> 
  custom:container-muxer-webm: aa71ff27fc2769a1b78a27578f13a17b -> 
  custom:container-demuxer-webm: 4f35f7cbe854078d1ac9338744f61a02 -> 
  custom:video-encoder-webm-vp8: eb34c28f22e8b96e1ab97ce403110664 -> 
  custom:audio-encoder-webm-vorbis: bf7c407c2cedff20999df2af8eb42d56 -> 
  custom:framework-win-MediaFoundation: 216162199b28c13a410421893ffa2e32 -> 
  custom:container-demuxer-ogg: 62fdf1f143b41e24485cea50d1cbac27 -> 
  custom:video-decoder-webm-vp8: 9c59270c3fd7afecdb556c50c9e8de78 -> 
  custom:audio-decoder-ogg-vorbis: bf7c407c2cedff20999df2af8eb42d56 -> 
========================================================================
Received Import Request.
  Time since last request: 523332.407887 seconds.
  path: Assets/Resources/Wall.prefab
  artifactKey: Guid(2b12bce92febbd94c94b0cdaa751d173) Importer(815301076,1909f56bfc062723c751e8b465ee728b)
Start importing Assets/Resources/Wall.prefab using Guid(2b12bce92febbd94c94b0cdaa751d173) Importer(815301076,1909f56bfc062723c751e8b465ee728b)  -> (artifact id: '1208e38bdab1400c32ec6809420c7747') in 0.107200 seconds 
========================================================================
Received Import Request.
  Time since last request: 3.405949 seconds.
  path: Assets/Resources/Wall.prefab
  artifactKey: Guid(2b12bce92febbd94c94b0cdaa751d173) Importer(815301076,1909f56bfc062723c751e8b465ee728b)
Start importing Assets/Resources/Wall.prefab using Guid(2b12bce92febbd94c94b0cdaa751d173) Importer(815301076,1909f56bfc062723c751e8b465ee728b)  -> (artifact id: '9d9f73a8fd8143d4af28ba961fca2c43') in 0.010849 seconds 
========================================================================
Received Import Request.
  Time since last request: 3.215772 seconds.
  path: Assets/Resources/Wall.prefab
  artifactKey: Guid(2b12bce92febbd94c94b0cdaa751d173) Importer(815301076,1909f56bfc062723c751e8b465ee728b)
Start importing Assets/Resources/Wall.prefab using Guid(2b12bce92febbd94c94b0cdaa751d173) Importer(815301076,1909f56bfc062723c751e8b465ee728b)  -> (artifact id: 'b5a9c2e5190f55089350046efe090544') in 0.009459 seconds 
========================================================================
Received Import Request.
  Time since last request: 6.439516 seconds.
  path: Assets/Resources/Wall.prefab
  artifactKey: Guid(2b12bce92febbd94c94b0cdaa751d173) Importer(815301076,1909f56bfc062723c751e8b465ee728b)
Start importing Assets/Resources/Wall.prefab using Guid(2b12bce92febbd94c94b0cdaa751d173) Importer(815301076,1909f56bfc062723c751e8b465ee728b)  -> (artifact id: '6742110cb8770ab9682684a7a419faa8') in 0.010869 seconds 
========================================================================
Received Import Request.
  Time since last request: 4.466938 seconds.
  path: Assets/Resources/Wall.prefab
  artifactKey: Guid(2b12bce92febbd94c94b0cdaa751d173) Importer(815301076,1909f56bfc062723c751e8b465ee728b)
Start importing Assets/Resources/Wall.prefab using Guid(2b12bce92febbd94c94b0cdaa751d173) Importer(815301076,1909f56bfc062723c751e8b465ee728b)  -> (artifact id: '6f90579082b60d051decd1397d762ad5') in 0.006038 seconds 
========================================================================
Received Import Request.
  Time since last request: 3.614021 seconds.
  path: Assets/Resources/Wall.prefab
  artifactKey: Guid(2b12bce92febbd94c94b0cdaa751d173) Importer(815301076,1909f56bfc062723c751e8b465ee728b)
Start importing Assets/Resources/Wall.prefab using Guid(2b12bce92febbd94c94b0cdaa751d173) Importer(815301076,1909f56bfc062723c751e8b465ee728b)  -> (artifact id: '8f5e527e65df7d196bb5b4770aba96b3') in 0.010633 seconds 
========================================================================
Received Import Request.
  Time since last request: 3.620128 seconds.
  path: Assets/Resources/Wall.prefab
  artifactKey: Guid(2b12bce92febbd94c94b0cdaa751d173) Importer(815301076,1909f56bfc062723c751e8b465ee728b)
Start importing Assets/Resources/Wall.prefab using Guid(2b12bce92febbd94c94b0cdaa751d173) Importer(815301076,1909f56bfc062723c751e8b465ee728b)  -> (artifact id: '55b2d6ae1f26ecd11f29241207362b88') in 0.006531 seconds 
========================================================================
Received Import Request.
  Time since last request: 3.624479 seconds.
  path: Assets/Resources/Wall.prefab
  artifactKey: Guid(2b12bce92febbd94c94b0cdaa751d173) Importer(815301076,1909f56bfc062723c751e8b465ee728b)
Start importing Assets/Resources/Wall.prefab using Guid(2b12bce92febbd94c94b0cdaa751d173) Importer(815301076,1909f56bfc062723c751e8b465ee728b)  -> (artifact id: 'd0f71cdcd0a9bb513f59fe20bfbb7cac') in 0.012832 seconds 
========================================================================
Received Import Request.
  Time since last request: 4.203761 seconds.
  path: Assets/Resources/Wall.prefab
  artifactKey: Guid(2b12bce92febbd94c94b0cdaa751d173) Importer(815301076,1909f56bfc062723c751e8b465ee728b)
Start importing Assets/Resources/Wall.prefab using Guid(2b12bce92febbd94c94b0cdaa751d173) Importer(815301076,1909f56bfc062723c751e8b465ee728b)  -> (artifact id: '6d674115158d4d2574f960e884e8ffd2') in 0.010084 seconds 
========================================================================
Received Import Request.
  Time since last request: 6.423625 seconds.
  path: Assets/Resources/Wall.prefab
  artifactKey: Guid(2b12bce92febbd94c94b0cdaa751d173) Importer(815301076,1909f56bfc062723c751e8b465ee728b)
Start importing Assets/Resources/Wall.prefab using Guid(2b12bce92febbd94c94b0cdaa751d173) Importer(815301076,1909f56bfc062723c751e8b465ee728b)  -> (artifact id: 'a1bdaf6c771cd059b1c5979ce3adf512') in 0.011026 seconds 
========================================================================
Received Import Request.
  Time since last request: 4.851631 seconds.
  path: Assets/Resources/Wall.prefab
  artifactKey: Guid(2b12bce92febbd94c94b0cdaa751d173) Importer(815301076,1909f56bfc062723c751e8b465ee728b)
Start importing Assets/Resources/Wall.prefab using Guid(2b12bce92febbd94c94b0cdaa751d173) Importer(815301076,1909f56bfc062723c751e8b465ee728b)  -> (artifact id: 'a7dadfe826cde159bfc1a1ceadf3901b') in 0.006607 seconds 
========================================================================
Received Import Request.
  Time since last request: 0.389070 seconds.
  path: Assets/Resources/Wall.prefab
  artifactKey: Guid(2b12bce92febbd94c94b0cdaa751d173) Importer(815301076,1909f56bfc062723c751e8b465ee728b)
Start importing Assets/Resources/Wall.prefab using Guid(2b12bce92febbd94c94b0cdaa751d173) Importer(815301076,1909f56bfc062723c751e8b465ee728b)  -> (artifact id: 'f2c099ff10914e0a6ea62874e57a7370') in 0.006868 seconds 
========================================================================
Received Import Request.
  Time since last request: 4.438848 seconds.
  path: Assets/Resources/Wall.prefab
  artifactKey: Guid(2b12bce92febbd94c94b0cdaa751d173) Importer(815301076,1909f56bfc062723c751e8b465ee728b)
Start importing Assets/Resources/Wall.prefab using Guid(2b12bce92febbd94c94b0cdaa751d173) Importer(815301076,1909f56bfc062723c751e8b465ee728b)  -> (artifact id: 'ffe460f79d4af23b0c391ae3c87d8a5f') in 0.006143 seconds 
========================================================================
Received Import Request.
  Time since last request: 0.997800 seconds.
  path: Assets/Resources/Wall.prefab
  artifactKey: Guid(2b12bce92febbd94c94b0cdaa751d173) Importer(815301076,1909f56bfc062723c751e8b465ee728b)
Start importing Assets/Resources/Wall.prefab using Guid(2b12bce92febbd94c94b0cdaa751d173) Importer(815301076,1909f56bfc062723c751e8b465ee728b)  -> (artifact id: 'd1a1161a9f500577ed089b5653714c3c') in 0.008809 seconds 
========================================================================
Received Import Request.
  Time since last request: 5.835695 seconds.
  path: Assets/Resources/Wall.prefab
  artifactKey: Guid(2b12bce92febbd94c94b0cdaa751d173) Importer(815301076,1909f56bfc062723c751e8b465ee728b)
Start importing Assets/Resources/Wall.prefab using Guid(2b12bce92febbd94c94b0cdaa751d173) Importer(815301076,1909f56bfc062723c751e8b465ee728b)  -> (artifact id: '91ce0d88fee4e6228e0019f00e4add2e') in 0.009340 seconds 
========================================================================
Received Import Request.
  Time since last request: 12.205595 seconds.
  path: Assets/Resources/Wall.prefab
  artifactKey: Guid(2b12bce92febbd94c94b0cdaa751d173) Importer(815301076,1909f56bfc062723c751e8b465ee728b)
Start importing Assets/Resources/Wall.prefab using Guid(2b12bce92febbd94c94b0cdaa751d173) Importer(815301076,1909f56bfc062723c751e8b465ee728b)  -> (artifact id: 'bd96868446aa931425286b3703fd8aab') in 0.009694 seconds 
========================================================================
Received Import Request.
  Time since last request: 3.470109 seconds.
  path: Assets/Resources/Wall.prefab
  artifactKey: Guid(2b12bce92febbd94c94b0cdaa751d173) Importer(815301076,1909f56bfc062723c751e8b465ee728b)
Start importing Assets/Resources/Wall.prefab using Guid(2b12bce92febbd94c94b0cdaa751d173) Importer(815301076,1909f56bfc062723c751e8b465ee728b)  -> (artifact id: 'd8a817a26fd02901f094f21af405ac7c') in 0.009410 seconds 
========================================================================
Received Import Request.
  Time since last request: 3.368476 seconds.
  path: Assets/Resources/Wall.prefab
  artifactKey: Guid(2b12bce92febbd94c94b0cdaa751d173) Importer(815301076,1909f56bfc062723c751e8b465ee728b)
Start importing Assets/Resources/Wall.prefab using Guid(2b12bce92febbd94c94b0cdaa751d173) Importer(815301076,1909f56bfc062723c751e8b465ee728b)  -> (artifact id: '2fd44ebe84cf79d3dec0e437442967e5') in 0.018701 seconds 
========================================================================
Received Import Request.
  Time since last request: 5.421973 seconds.
  path: Assets/Resources/Wall.prefab
  artifactKey: Guid(2b12bce92febbd94c94b0cdaa751d173) Importer(815301076,1909f56bfc062723c751e8b465ee728b)
Start importing Assets/Resources/Wall.prefab using Guid(2b12bce92febbd94c94b0cdaa751d173) Importer(815301076,1909f56bfc062723c751e8b465ee728b)  -> (artifact id: '349d84f726e601f7ffb5a6ecb6aecb9e') in 0.016614 seconds 
========================================================================
Received Import Request.
  Time since last request: 0.383086 seconds.
  path: Assets/Resources/Wall.prefab
  artifactKey: Guid(2b12bce92febbd94c94b0cdaa751d173) Importer(815301076,1909f56bfc062723c751e8b465ee728b)
Start importing Assets/Resources/Wall.prefab using Guid(2b12bce92febbd94c94b0cdaa751d173) Importer(815301076,1909f56bfc062723c751e8b465ee728b)  -> (artifact id: '7f66b13ce3eecc617232db04fed8541f') in 0.009140 seconds 
========================================================================
Received Import Request.
  Time since last request: 3.535745 seconds.
  path: Assets/Resources/Wall.prefab
  artifactKey: Guid(2b12bce92febbd94c94b0cdaa751d173) Importer(815301076,1909f56bfc062723c751e8b465ee728b)
Start importing Assets/Resources/Wall.prefab using Guid(2b12bce92febbd94c94b0cdaa751d173) Importer(815301076,1909f56bfc062723c751e8b465ee728b)  -> (artifact id: 'e30a8b50c58db0d410d0d094b65f9720') in 0.009232 seconds 
========================================================================
Received Import Request.
  Time since last request: 4.826099 seconds.
  path: Assets/Resources/Wall.prefab
  artifactKey: Guid(2b12bce92febbd94c94b0cdaa751d173) Importer(815301076,1909f56bfc062723c751e8b465ee728b)
Start importing Assets/Resources/Wall.prefab using Guid(2b12bce92febbd94c94b0cdaa751d173) Importer(815301076,1909f56bfc062723c751e8b465ee728b)  -> (artifact id: '60b6d9ae858e5c2d4175bccae7e0c3db') in 0.009154 seconds 
========================================================================
Received Prepare
Registering precompiled user dll's ...
Registered in 0.002458 seconds.
Begin MonoManager ReloadAssembly
Symbol file LoadedFromMemory doesn't match image D:\Repositories\ProcGen\Maze Generation\Library\PackageCache\com.unity.visualscripting@1.7.8\Editor\VisualScripting.Core\Dependencies\YamlDotNet\Unity.VisualScripting.YamlDotNet.dll
Symbol file LoadedFromMemory doesn't match image D:\Repositories\ProcGen\Maze Generation\Library\PackageCache\com.unity.visualscripting@1.7.8\Editor\VisualScripting.Core\Dependencies\DotNetZip\Unity.VisualScripting.IonicZip.dll
Native extension for WindowsStandalone target not found
Native extension for WebGL target not found
Refreshing native plugins compatible for Editor in 0.40 ms, found 3 plugins.
Preloading 0 native plugins for Editor in 0.00 ms.
Mono: successfully reloaded assembly
- Completed reload, in  0.702 seconds
Domain Reload Profiling:
	ReloadAssembly (702ms)
		BeginReloadAssembly (102ms)
			ExecutionOrderSort (0ms)
			DisableScriptedObjects (3ms)
			BackupInstance (0ms)
			ReleaseScriptingObjects (0ms)
			CreateAndSetChildDomain (31ms)
		EndReloadAssembly (535ms)
			LoadAssemblies (59ms)
			RebuildTransferFunctionScriptingTraits (0ms)
			SetupTypeCache (192ms)
			ReleaseScriptCaches (1ms)
			RebuildScriptCaches (30ms)
			SetupLoadedEditorAssemblies (228ms)
				LogAssemblyErrors (0ms)
				InitializePlatformSupportModulesInManaged (10ms)
				SetLoadedEditorAssemblies (0ms)
				RefreshPlugins (0ms)
				BeforeProcessingInitializeOnLoad (45ms)
				ProcessInitializeOnLoadAttributes (150ms)
				ProcessInitializeOnLoadMethodAttributes (21ms)
				AfterProcessingInitializeOnLoad (2ms)
				EditorAssembliesLoaded (0ms)
			ExecutionOrderSort2 (0ms)
			AwakeInstancesAfterBackupRestoration (5ms)
Platform modules already initialized, skipping
Refreshing native plugins compatible for Editor in 1.54 ms, found 3 plugins.
Preloading 0 native plugins for Editor in 0.00 ms.
Unloading 3376 Unused Serialized files (Serialized files now loaded: 0)
Unloading 20 unused Assets / (78.2 KB). Loaded Objects now: 3850.
Memory consumption went from 120.5 MB to 120.5 MB.
Total: 1.989200 ms (FindLiveObjects: 0.187300 ms CreateObjectMapping: 0.087200 ms MarkObjects: 1.651500 ms  DeleteObjects: 0.062300 ms)

AssetImportParameters requested are different than current active one (requested -> active):
  custom:video-decoder-ogg-theora: a1e56fd34408186e4bbccfd4996cb3dc -> 
  custom:container-muxer-webm: aa71ff27fc2769a1b78a27578f13a17b -> 
  custom:container-demuxer-webm: 4f35f7cbe854078d1ac9338744f61a02 -> 
  custom:video-encoder-webm-vp8: eb34c28f22e8b96e1ab97ce403110664 -> 
  custom:audio-encoder-webm-vorbis: bf7c407c2cedff20999df2af8eb42d56 -> 
  custom:framework-win-MediaFoundation: 216162199b28c13a410421893ffa2e32 -> 
  custom:container-demuxer-ogg: 62fdf1f143b41e24485cea50d1cbac27 -> 
  custom:video-decoder-webm-vp8: 9c59270c3fd7afecdb556c50c9e8de78 -> 
  custom:audio-decoder-ogg-vorbis: bf7c407c2cedff20999df2af8eb42d56 -> 
========================================================================
Received Import Request.
  Time since last request: 35.209735 seconds.
  path: Assets/Resources/Wall.prefab
  artifactKey: Guid(2b12bce92febbd94c94b0cdaa751d173) Importer(815301076,1909f56bfc062723c751e8b465ee728b)
Start importing Assets/Resources/Wall.prefab using Guid(2b12bce92febbd94c94b0cdaa751d173) Importer(815301076,1909f56bfc062723c751e8b465ee728b)  -> (artifact id: '9bb72c7980f9e8609096e5fe1f311096') in 0.047585 seconds 
========================================================================
Received Prepare
Registering precompiled user dll's ...
Registered in 0.002290 seconds.
Begin MonoManager ReloadAssembly
Symbol file LoadedFromMemory doesn't match image D:\Repositories\ProcGen\Maze Generation\Library\PackageCache\com.unity.visualscripting@1.7.8\Editor\VisualScripting.Core\Dependencies\YamlDotNet\Unity.VisualScripting.YamlDotNet.dll
Symbol file LoadedFromMemory doesn't match image D:\Repositories\ProcGen\Maze Generation\Library\PackageCache\com.unity.visualscripting@1.7.8\Editor\VisualScripting.Core\Dependencies\DotNetZip\Unity.VisualScripting.IonicZip.dll
Native extension for WindowsStandalone target not found
Native extension for WebGL target not found
Refreshing native plugins compatible for Editor in 0.42 ms, found 3 plugins.
Preloading 0 native plugins for Editor in 0.00 ms.
Mono: successfully reloaded assembly
- Completed reload, in  0.727 seconds
Domain Reload Profiling:
	ReloadAssembly (727ms)
		BeginReloadAssembly (107ms)
			ExecutionOrderSort (0ms)
			DisableScriptedObjects (3ms)
			BackupInstance (0ms)
			ReleaseScriptingObjects (0ms)
			CreateAndSetChildDomain (27ms)
		EndReloadAssembly (556ms)
			LoadAssemblies (67ms)
			RebuildTransferFunctionScriptingTraits (0ms)
			SetupTypeCache (182ms)
			ReleaseScriptCaches (1ms)
			RebuildScriptCaches (33ms)
			SetupLoadedEditorAssemblies (256ms)
				LogAssemblyErrors (0ms)
				InitializePlatformSupportModulesInManaged (10ms)
				SetLoadedEditorAssemblies (0ms)
				RefreshPlugins (0ms)
				BeforeProcessingInitializeOnLoad (53ms)
				ProcessInitializeOnLoadAttributes (167ms)
				ProcessInitializeOnLoadMethodAttributes (23ms)
				AfterProcessingInitializeOnLoad (2ms)
				EditorAssembliesLoaded (0ms)
			ExecutionOrderSort2 (0ms)
			AwakeInstancesAfterBackupRestoration (4ms)
Platform modules already initialized, skipping
Refreshing native plugins compatible for Editor in 1.14 ms, found 3 plugins.
Preloading 0 native plugins for Editor in 0.00 ms.
Unloading 3376 Unused Serialized files (Serialized files now loaded: 0)
Unloading 20 unused Assets / (78.1 KB). Loaded Objects now: 3853.
Memory consumption went from 120.6 MB to 120.5 MB.
Total: 2.295500 ms (FindLiveObjects: 0.255900 ms CreateObjectMapping: 0.133600 ms MarkObjects: 1.836000 ms  DeleteObjects: 0.069000 ms)

AssetImportParameters requested are different than current active one (requested -> active):
  custom:video-decoder-ogg-theora: a1e56fd34408186e4bbccfd4996cb3dc -> 
  custom:container-muxer-webm: aa71ff27fc2769a1b78a27578f13a17b -> 
  custom:container-demuxer-webm: 4f35f7cbe854078d1ac9338744f61a02 -> 
  custom:video-encoder-webm-vp8: eb34c28f22e8b96e1ab97ce403110664 -> 
  custom:audio-encoder-webm-vorbis: bf7c407c2cedff20999df2af8eb42d56 -> 
  custom:framework-win-MediaFoundation: 216162199b28c13a410421893ffa2e32 -> 
  custom:container-demuxer-ogg: 62fdf1f143b41e24485cea50d1cbac27 -> 
  custom:video-decoder-webm-vp8: 9c59270c3fd7afecdb556c50c9e8de78 -> 
  custom:audio-decoder-ogg-vorbis: bf7c407c2cedff20999df2af8eb42d56 -> 
